


ARM Macro Assembler    Page 1 


    1 00000000         ; SSR.s
    2 00000000         ; Runs on TM4C1294
    3 00000000         ; Provide functions that initialize a GPIO pin and turn 
                       it on and off.
    4 00000000         ; Use bit-banded I/O.
    5 00000000         ; Daniel Valvano
    6 00000000         ; April 30, 2014
    7 00000000         
    8 00000000         ;  This example accompanies the book
    9 00000000         ;  "Embedded Systems: Introduction to ARM Cortex M Micro
                       controllers"
   10 00000000         ;  ISBN: 978-1469998749, Jonathan Valvano, copyright (c)
                        2014
   11 00000000         ;  Volume 1 Program 4.3, Figure 4.14
   12 00000000         
   13 00000000         ;Copyright 2014 by Jonathan W. Valvano, valvano@mail.ute
                       xas.edu
   14 00000000         ;   You may use, edit, run or distribute this file
   15 00000000         ;   as long as the above copyright notice remains
   16 00000000         ;THIS SOFTWARE IS PROVIDED "AS IS".  NO WARRANTIES, WHET
                       HER EXPRESS, IMPLIED
   17 00000000         ;OR STATUTORY, INCLUDING, BUT NOT LIMITED TO, IMPLIED WA
                       RRANTIES OF
   18 00000000         ;MERCHANTABILITY AND FITNESS FOR A PARTICULAR PURPOSE AP
                       PLY TO THIS SOFTWARE.
   19 00000000         ;VALVANO SHALL NOT, IN ANY CIRCUMSTANCES, BE LIABLE FOR 
                       SPECIAL, INCIDENTAL,
   20 00000000         ;OR CONSEQUENTIAL DAMAGES, FOR ANY REASON WHATSOEVER.
   21 00000000         ;For more information about my classes, my research, and
                        my books, see
   22 00000000         ;http://users.ece.utexas.edu/~valvano/
   23 00000000         
   24 00000000         ; solid state relay connected to PN1
   25 00000000         
   26 00000000 4005B3FC 
                       GPIO_PORTN1
                               EQU              0x4005B3FC  ;GPIO Port D (AHB) 
                                                            0x4005B000 base de 
                                                            datos
   27 00000000 4005B400 
                       GPIO_PORTN_DIR_R
                               EQU              0x4005B400  ;Offset 0x400=>  0 
                                                            es entrada, 1 salid
                                                            a
   28 00000000 4005B420 
                       GPIO_PORTN_AFSEL_R
                               EQU              0x4005B420  ;Offset 0x420=>  0 
                                                            funcion como GPIO, 
                                                            1 funciona como per
                                                            iferico
   29 00000000 4005B51C 
                       GPIO_PORTN_DEN_R
                               EQU              0x4005B51C  ;Offset 0x51C=>  0 
                                                            funcina como NO dig
                                                            ital, 1 funcion dig
                                                            ital
   30 00000000 4005B528 
                       GPIO_PORTN_AMSEL_R
                               EQU              0x4005B528  ;Offset 0x528=>  0 



ARM Macro Assembler    Page 2 


                                                            Deshabilita funcion
                                                             analogica, 1 activ
                                                            a analogica
   31 00000000 4005B52C 
                       GPIO_PORTN_PCTL_R
                               EQU              0x4005B52C  ;Offset 0x52C=>  0 
                                                            Selecciona funcion 
                                                            alternativa
   32 00000000         
   33 00000000 400FE608 
                       SYSCTL_RCGCGPIO_R
                               EQU              0x400FE608  ;Base 0x400F.E000, 
                                                            Offset 0x608=> 1 ac
                                                            tiva puerto, 0 desa
                                                            ctiva puerto
   34 00000000 00000008 
                       SYSCTL_RCGCGPIO_R12
                               EQU              0x00000008  ; 1 Enable and prov
                                                            ide a clock to GPIO
                                                             Port D in Run mode
                                                            
   35 00000000 400FEA08 
                       SYSCTL_PRGPIO_R
                               EQU              0x400FEA08  ;Base 0x400F.E000, 
                                                            Offset 0xA08 indica
                                                             puerto listo
   36 00000000 00000008 
                       SYSCTL_PRGPIO_R12
                               EQU              0x00000008  ; Bandera puerto li
                                                            sto D
   37 00000000         
   38 00000000         ;*******************Direcciones del puerto A************
                       **********************************
   39 00000000 400580FC 
                       GPIO_PORTJ0
                               EQU              0x400580FC
   40 00000000 40058400 
                       GPIO_PORTJ_DIR_R
                               EQU              0x40058400
   41 00000000 40058420 
                       GPIO_PORTJ_AFSEL_R
                               EQU              0x40058420
   42 00000000 40058510 
                       GPIO_PORTJ_PUR_R
                               EQU              0x40058510
   43 00000000 4005851C 
                       GPIO_PORTJ_DEN_R
                               EQU              0x4005851C
   44 00000000 40058528 
                       GPIO_PORTJ_AMSEL_R
                               EQU              0x40058528
   45 00000000 4005852C 
                       GPIO_PORTJ_PCTL_R
                               EQU              0x4005852C
   46 00000000         
   47 00000000 00000001 
                       SYSCTL_RCGCGPIO_R8
                               EQU              0x00000001  ; GPIO activa puert
                                                            o A



ARM Macro Assembler    Page 3 


   48 00000000 00000001 
                       SYSCTL_PRGPIO_R8
                               EQU              0x00000001  ; GPIO Port J Perip
                                                            heral ReadyVALOR_IN
                                                            ICIAL 
   49 00000000         
   50 00000000         
   51 00000000                 AREA             |.text|, CODE, READONLY, ALIGN=
2
   52 00000000                 THUMB
   53 00000000         
   54 00000000                 EXPORT           SSR_Toggle
   55 00000000                 IMPORT           Start
   56 00000000         
   57 00000000         ;-------------------------------------------------------
                       ------------------------------------
   58 00000000         ;Rutinas para el manejo del LCD
   59 00000000         ;-------------------------------------------------------
                       --------------------------------------
   60 00000000         ;UP_LCD: Configuracion el puerto D como salida, bus de d
                       atos del LCD.
   61 00000000                 EXPORT           UP_LCD
   62 00000000         ;------------configura puerta D como Salida
   63 00000000         UP_LCD
   64 00000000         ; activa reloj para el puerto D
   65 00000000 492D            LDR              R1, =SYSCTL_RCGCGPIO_R ; R1 = S
                                                            YSCTL_RCGCGPIO_R di
                                                            reccion que  1 acti
                                                            va puerto
   66 00000002 6808            LDR              R0, [R1]    ; R0 = [R1] lee val
                                                            or
   67 00000004 F040 0008       ORR              R0, R0, #SYSCTL_RCGCGPIO_R12 ; 
                                                            R0 = R0|SYSCTL_RCGC
                                                            GPIO_R12, activa re
                                                            loj de puerto
   68 00000008 6008            STR              R0, [R1]    ; [R1] = R0  se gua
                                                            rda
   69 0000000A         
   70 0000000A         ;Verifica si el reloj es estable
   71 0000000A 492C            LDR              R1, =SYSCTL_PRGPIO_R ; R1 = SYS
                                                            CTL_PRGPIO_R (point
                                                            er)
   72 0000000C         GPIONinitloop
   73 0000000C 6808            LDR              R0, [R1]    ; R0 = [R1] (value)
                                                            
   74 0000000E F010 0008       ANDS             R0, R0, #SYSCTL_PRGPIO_R12 ; R0
                                                             = R0&SYSCTL_PRGPIO
                                                            _R12
   75 00000012 D0FB            BEQ              GPIONinitloop ; if(R0 == 0), ke
                                                            ep polling
   76 00000014         
   77 00000014         ; Direccion de salida
   78 00000014 492A            LDR              R1, =GPIO_PORTN_DIR_R ; R1 = GP
                                                            IO_PORTN_DIR_R 
   79 00000016 6808            LDR              R0, [R1]    ; R0 = [R1] 
   80 00000018 F040 00FF       ORR              R0, R0, #0xFF ; R0 = R0|0xFF (t
                                                            odos los pines del 
                                                            puerto D salida)
   81 0000001C 6008            STR              R0, [R1]    ; [R1] = R0



ARM Macro Assembler    Page 4 


   82 0000001E         
   83 0000001E         
   84 0000001E         ; Registro de funcion alternativa
   85 0000001E 4929            LDR              R1, =GPIO_PORTN_AFSEL_R ; R1 = 
                                                            GPIO_PORTN_AFSEL_R 
                                                            (pointer)
   86 00000020 6808            LDR              R0, [R1]    ; R0 = [R1] (value)
                                                            
   87 00000022 F020 00FF       BIC              R0, R0, #0xFF ; R0 = R0&~0x02 (
                                                            disable alt funct o
                                                            n PN1)
   88 00000026 6008            STR              R0, [R1]    ; [R1] = R0
   89 00000028         
   90 00000028         ; set digital enable register
   91 00000028 4927            LDR              R1, =GPIO_PORTN_DEN_R ; R1 = GP
                                                            IO_PORTN_DEN_R (poi
                                                            nter)
   92 0000002A 6808            LDR              R0, [R1]    ; R0 = [R1] (value)
                                                            
   93 0000002C F040 00FF       ORR              R0, R0, #0xFF ; R0 = R0|0xFF (a
                                                            ctiva digital I/O  
                                                            PD0-PD7)
   94 00000030 6008            STR              R0, [R1]    ; [R1] = R0
   95 00000032         
   96 00000032         ; set port control register
   97 00000032 4926            LDR              R1, =GPIO_PORTN_PCTL_R ; R1 = G
                                                            PIO_PORTN_PCTL_R (p
                                                            ointer)
   98 00000034 6808            LDR              R0, [R1]    ; R0 = [R1] (value)
                                                            
   99 00000036 F020 30FF       BIC              R0, R0, #0xFFFFFFFF ; R0 = R0&0
                                                            xFFFFFFFF (clear bi
                                                            t1 field)
  100 0000003A F100 0000       ADD              R0, R0, #0x00000000 ; R0 = R0+0
                                                            x00000000 (configur
                                                            e PN1 as GPIO)
  101 0000003E 6008            STR              R0, [R1]    ; [R1] = R0
  102 00000040         
  103 00000040         
  104 00000040         ; set analog mode select register
  105 00000040 4923            LDR              R1, =GPIO_PORTN_AMSEL_R ; R1 = 
                                                            GPIO_PORTN_AMSEL_R 
                                                            (pointer)
  106 00000042 6808            LDR              R0, [R1]    ; R0 = [R1] (value)
                                                            
  107 00000044 F020 00FF       BIC              R0, R0, #0xFF ; R0 = R0&~0xFF (
                                                            disable analog func
                                                            tionality on PD0-PD
                                                            7)
  108 00000048 6008            STR              R0, [R1]    ; [R1] = R0
  109 0000004A         
  110 0000004A         
  111 0000004A         ;****************Configura puerto A como salida*********
                       ****************
  112 0000004A         
  113 0000004A         ; activate clock for Port J
  114 0000004A 491B            LDR              R1, =SYSCTL_RCGCGPIO_R ; R1 = S
                                                            YSCTL_RCGCGPIO_R (p
                                                            ointer)



ARM Macro Assembler    Page 5 


  115 0000004C 6808            LDR              R0, [R1]    ; R0 = [R1] (value)
                                                            
  116 0000004E F040 0001       ORR              R0, R0, #SYSCTL_RCGCGPIO_R8 ; R
                                                            0 = R0|SYSCTL_RCGCG
                                                            PIO_R8
  117 00000052 6008            STR              R0, [R1]    ; [R1] = R0
  118 00000054         
  119 00000054         ; allow time for clock to stabilize
  120 00000054 4919            LDR              R1, =SYSCTL_PRGPIO_R ; R1 = SYS
                                                            CTL_PRGPIO_R (point
                                                            er)
  121 00000056         
  122 00000056         GPIOJinitloop
  123 00000056 6808            LDR              R0, [R1]    ; R0 = [R1] (value)
                                                            
  124 00000058 F010 0001       ANDS             R0, R0, #SYSCTL_PRGPIO_R8 ; R0 
                                                            = R0&SYSCTL_PRGPIO_
                                                            R8
  125 0000005C D0FB            BEQ              GPIOJinitloop ; if(R0 == 0), ke
                                                            ep polling
  126 0000005E         
  127 0000005E         ; set direction register
  128 0000005E 491D            LDR              R1, =GPIO_PORTJ_DIR_R ; R1 = GP
                                                            IO_PORTJ_DIR_R (poi
                                                            nter)
  129 00000060 6808            LDR              R0, [R1]    ; R0 = [R1] (value)
                                                            
  130 00000062 F040 00FF       ORR              R0, R0, #0xFF ; R0 = R0&~0x01 (
                                                            make PJ0 in (PJ0 bu
                                                            ilt-in SW1))
  131 00000066 6008            STR              R0, [R1]    ; [R1] = R0
  132 00000068         
  133 00000068         ; set alternate function register
  134 00000068 491B            LDR              R1, =GPIO_PORTJ_AFSEL_R ; R1 = 
                                                            GPIO_PORTJ_AFSEL_R 
                                                            (pointer)
  135 0000006A 6808            LDR              R0, [R1]    ; R0 = [R1] (value)
                                                            
  136 0000006C F020 00FF       BIC              R0, R0, #0xFF ; R0 = R0&~0x01 (
                                                            disable alt funct o
                                                            n PJ0)
  137 00000070 6008            STR              R0, [R1]    ; [R1] = R0
  138 00000072         
  139 00000072         ; set digital enable register
  140 00000072 491A            LDR              R1, =GPIO_PORTJ_DEN_R ; R1 = GP
                                                            IO_PORTJ_DEN_R (poi
                                                            nter)
  141 00000074 6808            LDR              R0, [R1]    ; R0 = [R1] (value)
                                                            
  142 00000076 F040 00FF       ORR              R0, R0, #0xFF ; R0 = R0|0x01 (e
                                                            nable digital I/O o
                                                            n PJ0)
  143 0000007A 6008            STR              R0, [R1]    ; [R1] = R0
  144 0000007C         
  145 0000007C         ; set port control register
  146 0000007C 4918            LDR              R1, =GPIO_PORTJ_PCTL_R ; R1 = G
                                                            PIO_PORTJ_PCTL_R (p
                                                            ointer)
  147 0000007E 6808            LDR              R0, [R1]    ; R0 = [R1] (value)



ARM Macro Assembler    Page 6 


                                                            
  148 00000080 F020 30FF       BIC              R0, R0, #0xFFFFFFFF ; R0 = R0&0
                                                            xFFFFFFF0 (clear bi
                                                            t0 field)
  149 00000084 F100 0000       ADD              R0, R0, #0x00000000 ; R0 = R0+0
                                                            x00000000 (configur
                                                            e PJ0 as GPIO)
  150 00000088 6008            STR              R0, [R1]    ; [R1] = R0
  151 0000008A         
  152 0000008A         ; set analog mode select register
  153 0000008A 4916            LDR              R1, =GPIO_PORTJ_AMSEL_R ; R1 = 
                                                            GPIO_PORTJ_AMSEL_R 
                                                            (pointer)
  154 0000008C 6808            LDR              R0, [R1]    ; R0 = [R1] (value)
                                                            
  155 0000008E F020 00FF       BIC              R0, R0, #0xFF ; R0 = R0&~0x01 (
                                                            disable analog func
                                                            tionality on PJ0)
  156 00000092 6008            STR              R0, [R1]    ; [R1] = R0
  157 00000094 4770            BX               LR
  158 00000096         
  159 00000096         ;******************************RETARDO DE 15 ms*********
                       ****************************
  160 00000096         ;RUTINA LCD_DELAY: Se trata de un rutina que implementa 
                       un retardo 
  161 00000096         ;o temporizaci¢n de 5 ms. Utiliza dos variables llamadas
                        LCD_TEMP_1 
  162 00000096         ;y LCD_TEMP_2, que se van decrementando hasta alcanzar d
                       icho tiempo.
  163 00000096         ;*******************************************************
                       ****************************
  164 00000096                 EXPORT           LCD_DELAY
  165 00000096         LCD_DELAY
  166 00000096 BF00            nop
  167 00000098 4770            BX               LR
  168 0000009A         
  169 0000009A         ;-----------------------PORTA0=> RS=1, PORTA1=> RD/WR,  
                       PORTA2 =>E-----------------
  170 0000009A                 EXPORT           LCD_E
  171 0000009A         LCD_E
  172 0000009A 4813            LDR              R0, =GPIO_PORTJ0
  173 0000009C F04F 0104       MOV              R1, #0x04
  174 000000A0 6001            STR              R1, [R0]
  175 000000A2 BF00            NOP
  176 000000A4 BF00            NOP
  177 000000A6 F04F 0100       MOV              R1, #0x00
  178 000000AA 6001            STR              R1, [R0]
  179 000000AC BF00            NOP
  180 000000AE 4770            BX               LR
  181 000000B0         ;------------SSR_Toggle------------
  182 000000B0         ; Toggle PN1.
  183 000000B0         ; Input: none
  184 000000B0         ; Output: none
  185 000000B0         ; Modifies: R0, R1
  186 000000B0         SSR_Toggle
  187 000000B0 490E            LDR              R1, =GPIO_PORTN1 ; R1 = GPIO_PO
                                                            RTN1 (pointer)
  188 000000B2 600E            STR              R6, [R1]    ; R0 = [R1] (previo
                                                            us value)



ARM Macro Assembler    Page 7 


  189 000000B4 4770            BX               LR
  190 000000B6         
  191 000000B6 00 00           ALIGN                        ; make sure the end
                                                             of this section is
                                                             aligned
  192 000000B8                 END                          ; end of file
              400FE608 
              400FEA08 
              4005B400 
              4005B420 
              4005B51C 
              4005B52C 
              4005B528 
              40058400 
              40058420 
              4005851C 
              4005852C 
              40058528 
              400580FC 
              4005B3FC 
Command Line: --debug --xref --diag_suppress=9931 --cpu=Cortex-M4.fp --apcs=int
erwork --depend=.\objects\lcd.d -o.\objects\lcd.o -IC:\tiva_LCD\LCD\RTE -IC:\Ke
il_v5\ARM\PACK\ARM\CMSIS\4.5.0\CMSIS\Include -IC:\Keil_v5\ARM\PACK\Keil\TM4C_DF
P\1.1.0\Device\Include\TM4C129 --predefine="__EVAL SETA 1" --predefine="__UVISI
ON_VERSION SETA 521" --predefine="_RTE_ SETA 1" --predefine="TM4C1294NCPDT SETA
 1" --list=.\listings\lcd.lst LCD.s



ARM Macro Assembler    Page 1 Alphabetic symbol ordering
Relocatable symbols

.text 00000000

Symbol: .text
   Definitions
      At line 51 in file LCD.s
   Uses
      None
Comment: .text unused
GPIOJinitloop 00000056

Symbol: GPIOJinitloop
   Definitions
      At line 122 in file LCD.s
   Uses
      At line 125 in file LCD.s
Comment: GPIOJinitloop used once
GPIONinitloop 0000000C

Symbol: GPIONinitloop
   Definitions
      At line 72 in file LCD.s
   Uses
      At line 75 in file LCD.s
Comment: GPIONinitloop used once
LCD_DELAY 00000096

Symbol: LCD_DELAY
   Definitions
      At line 165 in file LCD.s
   Uses
      At line 164 in file LCD.s
Comment: LCD_DELAY used once
LCD_E 0000009A

Symbol: LCD_E
   Definitions
      At line 171 in file LCD.s
   Uses
      At line 170 in file LCD.s
Comment: LCD_E used once
SSR_Toggle 000000B0

Symbol: SSR_Toggle
   Definitions
      At line 186 in file LCD.s
   Uses
      At line 54 in file LCD.s
Comment: SSR_Toggle used once
UP_LCD 00000000

Symbol: UP_LCD
   Definitions
      At line 63 in file LCD.s
   Uses
      At line 61 in file LCD.s
Comment: UP_LCD used once
7 symbols



ARM Macro Assembler    Page 1 Alphabetic symbol ordering
Absolute symbols

GPIO_PORTJ0 400580FC

Symbol: GPIO_PORTJ0
   Definitions
      At line 39 in file LCD.s
   Uses
      At line 172 in file LCD.s
Comment: GPIO_PORTJ0 used once
GPIO_PORTJ_AFSEL_R 40058420

Symbol: GPIO_PORTJ_AFSEL_R
   Definitions
      At line 41 in file LCD.s
   Uses
      At line 134 in file LCD.s
Comment: GPIO_PORTJ_AFSEL_R used once
GPIO_PORTJ_AMSEL_R 40058528

Symbol: GPIO_PORTJ_AMSEL_R
   Definitions
      At line 44 in file LCD.s
   Uses
      At line 153 in file LCD.s
Comment: GPIO_PORTJ_AMSEL_R used once
GPIO_PORTJ_DEN_R 4005851C

Symbol: GPIO_PORTJ_DEN_R
   Definitions
      At line 43 in file LCD.s
   Uses
      At line 140 in file LCD.s
Comment: GPIO_PORTJ_DEN_R used once
GPIO_PORTJ_DIR_R 40058400

Symbol: GPIO_PORTJ_DIR_R
   Definitions
      At line 40 in file LCD.s
   Uses
      At line 128 in file LCD.s
Comment: GPIO_PORTJ_DIR_R used once
GPIO_PORTJ_PCTL_R 4005852C

Symbol: GPIO_PORTJ_PCTL_R
   Definitions
      At line 45 in file LCD.s
   Uses
      At line 146 in file LCD.s
Comment: GPIO_PORTJ_PCTL_R used once
GPIO_PORTJ_PUR_R 40058510

Symbol: GPIO_PORTJ_PUR_R
   Definitions
      At line 42 in file LCD.s
   Uses
      None
Comment: GPIO_PORTJ_PUR_R unused
GPIO_PORTN1 4005B3FC

Symbol: GPIO_PORTN1



ARM Macro Assembler    Page 2 Alphabetic symbol ordering
Absolute symbols

   Definitions
      At line 26 in file LCD.s
   Uses
      At line 187 in file LCD.s
Comment: GPIO_PORTN1 used once
GPIO_PORTN_AFSEL_R 4005B420

Symbol: GPIO_PORTN_AFSEL_R
   Definitions
      At line 28 in file LCD.s
   Uses
      At line 85 in file LCD.s
Comment: GPIO_PORTN_AFSEL_R used once
GPIO_PORTN_AMSEL_R 4005B528

Symbol: GPIO_PORTN_AMSEL_R
   Definitions
      At line 30 in file LCD.s
   Uses
      At line 105 in file LCD.s
Comment: GPIO_PORTN_AMSEL_R used once
GPIO_PORTN_DEN_R 4005B51C

Symbol: GPIO_PORTN_DEN_R
   Definitions
      At line 29 in file LCD.s
   Uses
      At line 91 in file LCD.s
Comment: GPIO_PORTN_DEN_R used once
GPIO_PORTN_DIR_R 4005B400

Symbol: GPIO_PORTN_DIR_R
   Definitions
      At line 27 in file LCD.s
   Uses
      At line 78 in file LCD.s
Comment: GPIO_PORTN_DIR_R used once
GPIO_PORTN_PCTL_R 4005B52C

Symbol: GPIO_PORTN_PCTL_R
   Definitions
      At line 31 in file LCD.s
   Uses
      At line 97 in file LCD.s
Comment: GPIO_PORTN_PCTL_R used once
SYSCTL_PRGPIO_R 400FEA08

Symbol: SYSCTL_PRGPIO_R
   Definitions
      At line 35 in file LCD.s
   Uses
      At line 71 in file LCD.s
      At line 120 in file LCD.s

SYSCTL_PRGPIO_R12 00000008

Symbol: SYSCTL_PRGPIO_R12
   Definitions
      At line 36 in file LCD.s



ARM Macro Assembler    Page 3 Alphabetic symbol ordering
Absolute symbols

   Uses
      At line 74 in file LCD.s
Comment: SYSCTL_PRGPIO_R12 used once
SYSCTL_PRGPIO_R8 00000001

Symbol: SYSCTL_PRGPIO_R8
   Definitions
      At line 48 in file LCD.s
   Uses
      At line 124 in file LCD.s
Comment: SYSCTL_PRGPIO_R8 used once
SYSCTL_RCGCGPIO_R 400FE608

Symbol: SYSCTL_RCGCGPIO_R
   Definitions
      At line 33 in file LCD.s
   Uses
      At line 65 in file LCD.s
      At line 114 in file LCD.s

SYSCTL_RCGCGPIO_R12 00000008

Symbol: SYSCTL_RCGCGPIO_R12
   Definitions
      At line 34 in file LCD.s
   Uses
      At line 67 in file LCD.s
Comment: SYSCTL_RCGCGPIO_R12 used once
SYSCTL_RCGCGPIO_R8 00000001

Symbol: SYSCTL_RCGCGPIO_R8
   Definitions
      At line 47 in file LCD.s
   Uses
      At line 116 in file LCD.s
Comment: SYSCTL_RCGCGPIO_R8 used once
19 symbols



ARM Macro Assembler    Page 1 Alphabetic symbol ordering
External symbols

Start 00000000

Symbol: Start
   Definitions
      At line 55 in file LCD.s
   Uses
      None
Comment: Start unused
1 symbol
364 symbols in table
