


ARM Macro Assembler    Page 1 


    1 00000000         ; SSRTestMain.s
    2 00000000         ; Runs on TM4C1294
    3 00000000         ;-------------------------------------------------------
                       -----------------------
    4 00000000 400580FC 
                       GPIO_PORTJ0
                               EQU              0x400580FC
    5 00000000         
    6 00000000         ;-------------------------------------------------------
                       -----------------------
    7 00000000 E000E018 
                       SYSCTL_STCURRENT
                               EQU              0XE000E018
    8 00000000 E000E014 
                       SYSCTL_STRELOAD
                               EQU              0XE000E014
    9 00000000 E000E010 
                       SYSCTL_STCTRL
                               EQU              0XE000E010
   10 00000000 400FE0B0 
                       SYSCTL_RSCLKCFG
                               EQU              0x400FE0B0
   11 00000000         ;-------------------------------------------------------
                       ------------------------
   12 00000000                 AREA             DATA, READWRITE, ALIGN=2
   13 00000000 00 00 00 
              00       CONTA   SPACE            4
   14 00000004 00 00   CONTA1  SPACE            2
   15 00000006         
   16 00000006         
   17 00000006                 AREA             |.text|, CODE, READONLY, ALIGN=
2
   18 00000000                 THUMB
   19 00000000                 EXPORT           Start
   20 00000000                 IMPORT           UP_LCD
   21 00000000                 IMPORT           LCD_DELAY
   22 00000000                 IMPORT           LCD_E
   23 00000000                 IMPORT           SSR_Toggle
   24 00000000                 EXPORT           TABLA
   25 00000000                 EXPORT           CONTA1
   26 00000000         
   27 00000000 40 F9 A4 
              B0 99 92 
              82 F8 80 
              98       TABLA   DCB              0X40, 0XF9, 0XA4, 0XB0, 0X99, 0
X92, 0X82, 0XF8, 0X80, 0X98
   28 0000000A         
   29 0000000A         Start
   30 0000000A         
   31 0000000A         ;-------------------------------------------------------
                       ----------------
   32 0000000A 4827            LDR              R0, =SYSCTL_RSCLKCFG 
                                                            ;0x400FE0B0
   33 0000000C 6801            LDR              R1, [R0]
   34 0000000E F041 0100       ORR              R1, #0X00000000
   35 00000012 6001            STR              R1, [R0]
   36 00000014         ;-------------------------------------------------------
                       --------------
   37 00000014 4825            LDR              R0, =SYSCTL_STCTRL



ARM Macro Assembler    Page 2 


   38 00000016 6801            LDR              R1, [R0]
   39 00000018 F001 0100       AND              R1, #0X00000000
   40 0000001C 6001            STR              R1, [R0]
   41 0000001E         ;---------------------------CUENTA----------------------
                       --------------
   42 0000001E 4824            LDR              R0, =SYSCTL_STRELOAD
   43 00000020 4924            LDR              R1, =0x0003D08FF
   44 00000022 6001            STR              R1, [R0]
   45 00000024         ;-------------------------------------------------------
                       --------------
   46 00000024 4824            LDR              R0, =SYSCTL_STCURRENT
   47 00000026 F04F 0100       MOV              R1, #0
   48 0000002A 6001            STR              R1, [R0]
   49 0000002C         ;-------------------------------------------------------
                       --------------
   50 0000002C 481F            LDR              R0, =SYSCTL_STCTRL
   51 0000002E 6801            LDR              R1, [R0]
   52 00000030 F041 0101       ORR              R1, #0X00000001
   53 00000034 6001            STR              R1, [R0]
   54 00000036         ;-------------------------------------------------------
                       --------
   55 00000036         
   56 00000036 F7FF FFFE       BL               UP_LCD      ; inicializa el pue
                                                            rto D
   57 0000003A         ;-------------------------------------------------------
                       -----
   58 0000003A         L2
   59 0000003A F04F 0200       LDR              R2, =0X00
   60 0000003E 491F            LDR              R1, =CONTA1
   61 00000040 600A            STR              R2, [R1]
   62 00000042         L1
   63 00000042         ;****************apaga pines puerto A*************
   64 00000042 481F            LDR              R0, =GPIO_PORTJ0
   65 00000044 F04F 0100       mov              R1, #0x00
   66 00000048 6001            STR              R1, [R0]
   67 0000004A         ;***********Lee contador***************************
   68 0000004A         
   69 0000004A 491C            LDR              R1, =CONTA1
   70 0000004C 680A            LDR              R2, [R1]
   71 0000004E         ;*********separa unidades y decenas****************
   72 0000004E F04F 010A       MOV              R1, #0x0A
   73 00000052 FBB2 F4F1       UDIV             R4, R2, R1  ;Decenas en R4
   74 00000056 FB04 F701       MUL              R7, R4, R1
   75 0000005A EBA2 0707       SUB              R7,R2, R7   ;Unidads en R7
   76 0000005E         ;***********muestra Decenas*************************
   77 0000005E 4D19            LDR              R5, =TABLA
   78 00000060 5D2E            LDRB             R6, [R5, R4]
   79 00000062 4817            LDR              R0, =GPIO_PORTJ0
   80 00000064 F7FF FFFE       BL               SSR_Toggle
   81 00000068         ;***************activa decenas**********************
   82 00000068 F04F 0101       mov              R1, #0x01
   83 0000006C 6001            STR              R1, [R0]
   84 0000006E         ;****************apaga display********************** 
   85 0000006E 4814            LDR              R0, =GPIO_PORTJ0
   86 00000070 F04F 0100       mov              R1, #0x00
   87 00000074 6001            STR              R1, [R0]
   88 00000076         ;*************Muestra unidads******************* 
   89 00000076 4D13            LDR              R5, =TABLA
   90 00000078 5DEE            LDRB             R6, [R5, R7]



ARM Macro Assembler    Page 3 


   91 0000007A F7FF FFFE       BL               SSR_Toggle
   92 0000007E 4810            LDR              R0, =GPIO_PORTJ0
   93 00000080         ;*********Prende unidades*************************
   94 00000080 F04F 0102       mov              R1, #0x02
   95 00000084 6001            STR              R1, [R0]
   96 00000086         ;**************Lee el registro de estado*********
   97 00000086 4809            LDR              R0, =SYSCTL_STCTRL
   98 00000088 6801            LDR              R1, [R0]
   99 0000008A F44F 3280       MOV              R2, #0x00010000
  100 0000008E EA01 0102       AND              R1, R2      ;verifica si ya se 
                                                            desbordo
  101 00000092 B901            CBNZ             R1, salta   ;Salta si se desbor
                                                            do
  102 00000094 E7D5            B                L1          ;Salta si no se des
                                                            bordo
  103 00000096         ;**********Incrementa contador********************
  104 00000096         salta
  105 00000096 4B09            LDR              R3,=CONTA1
  106 00000098 681C            LDR              R4, [R3]
  107 0000009A F104 0401       ADD              R4,R4,#0x01
  108 0000009E 601C            STR              R4,[R3]
  109 000000A0 2C64            CMP              R4, #0X64
  110 000000A2 D0CA            BEQ              L2
  111 000000A4 E7CD            B                L1
  112 000000A6 00 00           ALIGN                        ; make sure the end
                                                             of this section is
                                                             aligned
  113 000000A8                 END                          ; end of file
              400FE0B0 
              E000E010 
              E000E014 
              003D08FF 
              E000E018 
              00000000 
              400580FC 
              00000000 
Command Line: --debug --xref --diag_suppress=9931 --cpu=Cortex-M4.fp --apcs=int
erwork --depend=.\objects\lcdmain.d -o.\objects\lcdmain.o -ID:\Escritorio\LCD\R
TE\_Target_1 -I"D:\OS C (Postizo)\uVision\ARM\PACK\ARM\CMSIS\5.0.0\CMSIS\Includ
e" -I"D:\OS C (Postizo)\uVision\ARM\PACK\Keil\TM4C_DFP\1.1.0\Device\Include\TM4
C129" --predefine="__EVAL SETA 1" --predefine="__UVISION_VERSION SETA 522" --pr
edefine="_RTE_ SETA 1" --predefine="TM4C1294NCPDT SETA 1" --list=.\listings\lcd
main.lst LCDmain.s



ARM Macro Assembler    Page 1 Alphabetic symbol ordering
Relocatable symbols

CONTA 00000000

Symbol: CONTA
   Definitions
      At line 13 in file LCDmain.s
   Uses
      None
Comment: CONTA unused
CONTA1 00000004

Symbol: CONTA1
   Definitions
      At line 14 in file LCDmain.s
   Uses
      At line 25 in file LCDmain.s
      At line 60 in file LCDmain.s
      At line 69 in file LCDmain.s
      At line 105 in file LCDmain.s

DATA 00000000

Symbol: DATA
   Definitions
      At line 12 in file LCDmain.s
   Uses
      None
Comment: DATA unused
3 symbols



ARM Macro Assembler    Page 1 Alphabetic symbol ordering
Relocatable symbols

.text 00000000

Symbol: .text
   Definitions
      At line 17 in file LCDmain.s
   Uses
      None
Comment: .text unused
L1 00000042

Symbol: L1
   Definitions
      At line 62 in file LCDmain.s
   Uses
      At line 102 in file LCDmain.s
      At line 111 in file LCDmain.s

L2 0000003A

Symbol: L2
   Definitions
      At line 58 in file LCDmain.s
   Uses
      At line 110 in file LCDmain.s
Comment: L2 used once
Start 0000000A

Symbol: Start
   Definitions
      At line 29 in file LCDmain.s
   Uses
      At line 19 in file LCDmain.s
Comment: Start used once
TABLA 00000000

Symbol: TABLA
   Definitions
      At line 27 in file LCDmain.s
   Uses
      At line 24 in file LCDmain.s
      At line 77 in file LCDmain.s
      At line 89 in file LCDmain.s

salta 00000096

Symbol: salta
   Definitions
      At line 104 in file LCDmain.s
   Uses
      At line 101 in file LCDmain.s
Comment: salta used once
6 symbols



ARM Macro Assembler    Page 1 Alphabetic symbol ordering
Absolute symbols

GPIO_PORTJ0 400580FC

Symbol: GPIO_PORTJ0
   Definitions
      At line 4 in file LCDmain.s
   Uses
      At line 64 in file LCDmain.s
      At line 79 in file LCDmain.s
      At line 85 in file LCDmain.s
      At line 92 in file LCDmain.s

SYSCTL_RSCLKCFG 400FE0B0

Symbol: SYSCTL_RSCLKCFG
   Definitions
      At line 10 in file LCDmain.s
   Uses
      At line 32 in file LCDmain.s
Comment: SYSCTL_RSCLKCFG used once
SYSCTL_STCTRL E000E010

Symbol: SYSCTL_STCTRL
   Definitions
      At line 9 in file LCDmain.s
   Uses
      At line 37 in file LCDmain.s
      At line 50 in file LCDmain.s
      At line 97 in file LCDmain.s

SYSCTL_STCURRENT E000E018

Symbol: SYSCTL_STCURRENT
   Definitions
      At line 7 in file LCDmain.s
   Uses
      At line 46 in file LCDmain.s
Comment: SYSCTL_STCURRENT used once
SYSCTL_STRELOAD E000E014

Symbol: SYSCTL_STRELOAD
   Definitions
      At line 8 in file LCDmain.s
   Uses
      At line 42 in file LCDmain.s
Comment: SYSCTL_STRELOAD used once
5 symbols



ARM Macro Assembler    Page 1 Alphabetic symbol ordering
External symbols

LCD_DELAY 00000000

Symbol: LCD_DELAY
   Definitions
      At line 21 in file LCDmain.s
   Uses
      None
Comment: LCD_DELAY unused
LCD_E 00000000

Symbol: LCD_E
   Definitions
      At line 22 in file LCDmain.s
   Uses
      None
Comment: LCD_E unused
SSR_Toggle 00000000

Symbol: SSR_Toggle
   Definitions
      At line 23 in file LCDmain.s
   Uses
      At line 80 in file LCDmain.s
      At line 91 in file LCDmain.s

UP_LCD 00000000

Symbol: UP_LCD
   Definitions
      At line 20 in file LCDmain.s
   Uses
      At line 56 in file LCDmain.s
Comment: UP_LCD used once
4 symbols
355 symbols in table
